
  Dropping all tables ............................................. 148ms DONE

   INFO  Preparing database.  

  Creating migration table .......................................... 4ms DONE

   INFO  Running migrations.  

  2014_10_12_000000_create_users_table .............................. 4ms DONE
  2014_10_12_100000_create_password_resets_table .................... 1ms DONE
  2014_10_12_200000_add_two_factor_columns_to_users_table ........... 0ms DONE
  2019_08_19_000000_create_failed_jobs_table ........................ 6ms DONE
  2019_12_14_000001_create_personal_access_tokens_table ............ 31ms DONE
  2022_03_23_163443_create_sessions_table ........................... 2ms DONE
  2022_05_11_154250_create_datafeeds_table .......................... 2ms DONE
  2023_07_20_204539_expenses ........................................ 2ms DONE
  2023_10_06_130528_create_employeefiles_table ...................... 1ms DONE
  2024_01_15_000000_create_ai_interactions_table .................... 2ms DONE
  2024_01_15_000001_create_api_keys_table ........................... 3ms DONE
  2024_02_13_000033_create_banks_table .............................. 1ms DONE
  2024_03_12_000000_create_branches_table ........................... 2ms DONE
  2024_03_13_000000_create_clients_table ............................ 3ms DONE
  2024_03_13_000001_add_unique_index_to_client_number_in_clients_table  1ms DONE
  2024_03_13_000002_create_accounts_table ........................... 2ms DONE
  2024_03_13_000002_create_audit_and_compliance_table ............... 1ms DONE
  2024_03_13_000003_create_bank_statements_staging_table ............ 1ms DONE
  2024_03_13_000004_create_benefits_table ........................... 1ms DONE
  2024_03_13_000006_create_budget_approvers_table ................... 1ms DONE
  2024_03_13_000007_create_budget_managements_table ................. 2ms DONE
  2024_03_13_000008_create_call_back_table .......................... 1ms DONE
  2024_03_13_000009_create_capital_accounts_table ................... 1ms DONE
  2024_03_13_000010_create_cash_flow_configurations_table ........... 2ms DONE
  2024_03_13_000011_create_charges_table ............................ 2ms DONE
  2024_03_13_000012_create_chargeslist_table ........................ 1ms DONE
  2024_03_13_000013_create_cheque_books_table ....................... 1ms DONE
  2024_03_13_100001_create_institutions_table ....................... 2ms DONE
  2024_03_13_100002_create_departments_table ........................ 3ms DONE
  2024_03_13_create_collateral_types_table .......................... 1ms DONE
  2024_03_13_create_collaterals_table ............................... 2ms DONE
  2024_03_13_create_committees_table ................................ 7ms DONE
  2024_03_13_create_contract_managements_table ...................... 1ms DONE
  2024_03_13_create_currencies_table ................................ 1ms DONE
  2024_03_13_create_current_loans_stages_table ...................... 1ms DONE
  2024_03_13_create_custom_collaterals_table ........................ 1ms DONE
  2024_03_13_create_document_types_table ............................ 1ms DONE
  2024_03_13_create_employees_table ................................. 2ms DONE
  2024_03_13_create_entries_amount_table ............................ 1ms DONE
  2024_03_13_create_entries_table ................................... 1ms DONE
  2024_03_13_create_expense_accounts_table .......................... 1ms DONE
  2024_03_13_create_expense_approvals_table ......................... 1ms DONE
  2024_03_13_create_financial_data_table ............................ 1ms DONE
  2024_03_13_create_financial_position_table ....................... 17ms DONE
  2024_03_13_create_financial_ratios_table .......................... 1ms DONE
  2024_03_13_create_general_ledger_table ............................ 2ms DONE
  2024_03_13_create_groups_table .................................... 1ms DONE
  2024_03_13_create_hires_approvals_table ........................... 1ms DONE
  2024_03_13_create_income_accounts_table ........................... 1ms DONE
  2024_03_13_create_insurancelist_table ............................. 1ms DONE
  2024_03_13_create_insurances_table ................................ 1ms DONE
  2024_03_13_create_interest_payables_table ......................... 2ms DONE
  2024_03_13_create_inventories_table ............................... 1ms DONE
  2024_03_13_create_investment_types_table .......................... 1ms DONE
  2024_03_13_create_investments_list_table .......................... 2ms DONE
  2024_03_13_create_jobs_table ...................................... 1ms DONE
  2024_03_13_create_landed_property_types_table ..................... 2ms DONE
  2024_03_13_create_leaderships_table ............................... 2ms DONE
  2024_03_13_create_leave_management_table .......................... 1ms DONE
  2024_03_13_create_leaves_table .................................... 2ms DONE
  2024_03_13_create_liability_accounts_table ........................ 1ms DONE
  2024_03_13_create_loan_images_table ............................... 2ms DONE
  2024_03_13_create_loan_provision_settings_table ................... 2ms DONE
  2024_03_13_create_loan_stages_table ............................... 1ms DONE
  2024_03_13_create_loan_sub_products_table ......................... 3ms DONE
  2024_03_13_create_loans_arrears_table ............................. 1ms DONE
  2024_03_13_create_loans_originated_table .......................... 1ms DONE
  2024_03_13_create_loans_schedules_table ........................... 2ms DONE
  2024_03_13_create_loans_summary_table ............................. 1ms DONE
  2024_03_13_create_loans_table ..................................... 3ms DONE
  2024_03_13_create_loss_reserves_table ............................. 1ms DONE
  2024_03_13_create_maendeleo_loans_table ........................... 2ms DONE
  2024_03_13_create_main_budget_pending_table ....................... 2ms DONE
  2024_03_13_create_main_budget_table ............................... 2ms DONE
  2024_03_13_create_main_collateral_types_table ..................... 1ms DONE
  2024_03_13_create_member_categories_table ......................... 2ms DONE
  2024_03_13_create_menu_list_table ................................. 1ms DONE
  2024_03_13_create_menus_table ..................................... 1ms DONE
  2024_03_13_create_mnos_table ...................................... 1ms DONE
  2024_03_13_create_movable_property_types_table .................... 1ms DONE
  2024_03_13_create_orders_table .................................... 1ms DONE
  2024_03_13_create_password_policies_table ......................... 1ms DONE
  2024_03_13_create_payables_table .................................. 1ms DONE
  2024_03_13_create_payment_methods_table ........................... 1ms DONE
  2024_03_13_create_pending_registrations_table ..................... 1ms DONE
  2024_03_13_create_ppes_table ...................................... 2ms DONE
  2024_03_13_create_product_has_charges_table ....................... 1ms DONE
  2024_03_13_create_product_has_insurance_table ..................... 1ms DONE
  2024_03_13_create_project_table ................................... 1ms DONE
  2024_03_13_create_purchases_table ................................. 1ms DONE
  2024_03_13_create_query_responses_table ........................... 1ms DONE
  2024_03_13_create_receivables_table ............................... 2ms DONE
  2024_03_13_create_reconciled_transactions_table ................... 2ms DONE
  2024_03_13_create_reconciliation_staging_table .................... 1ms DONE
  2024_03_13_create_savings_types_table ............................. 2ms DONE
  2024_03_13_create_scores_table .................................... 1ms DONE
  2024_03_13_create_settled_loans_table ............................. 1ms DONE
  2024_03_13_create_setup_accounts_table ............................ 1ms DONE
  2024_03_13_create_short_long_term_loans_table ..................... 1ms DONE
  2024_03_13_create_standing_instructions_table ..................... 3ms DONE
  2024_03_13_create_sub_accounts_table .............................. 2ms DONE
  2024_03_13_create_sub_menus_table ................................. 1ms DONE
  2024_03_13_create_sub_products_table .............................. 2ms DONE
  2024_03_13_create_taxes_table ..................................... 1ms DONE
  2024_03_13_create_teller_end_of_day_positions_table ............... 1ms DONE
  2024_03_13_create_tellers_table ................................... 1ms DONE
  2024_03_13_create_temp_permissions_table .......................... 4ms DONE
  2024_03_13_create_tenders_table ................................... 1ms DONE
  2024_03_13_create_unearned_deferred_revenue_table ................. 1ms DONE
  2024_03_13_create_user_sub_menus_table ............................ 1ms DONE
  2024_03_13_create_vendors_table ................................... 1ms DONE
  2024_03_14_000000_add_soft_delete_columns_to_accounts_table ....... 1ms DONE
  2024_03_14_add_receivable_types_fields ............................ 1ms DONE
  2024_03_14_add_share_settings_to_sub_products ..................... 1ms DONE
  2024_03_14_create_deposit_types_table ............................. 1ms DONE
  2024_03_15_000000_create_roles_table .............................. 3ms DONE
  2024_03_15_create_committee_approvals_table ...................... 11ms DONE
  2024_03_15_create_permissions_table ............................... 7ms DONE
  2024_03_15_create_user_action_logs_table .......................... 2ms DONE
  2024_03_15_create_user_profiles_table ............................. 4ms DONE
  2024_03_15_create_user_security_profiles_table .................... 2ms DONE
  2024_03_19_000000_create_bank_accounts_table ...................... 3ms DONE
  2024_03_19_000001_create_share_ownership_table .................... 1ms DONE
  2024_03_19_000002_create_gepg_transactions_table .................. 2ms DONE
  2024_03_19_000002_create_menu_actions_table ...................... 15ms DONE
  2024_03_19_000002_create_shares_table ............................ 11ms DONE
  2024_03_19_000003_create_sub_roles_table .......................... 2ms DONE
  2024_03_19_000003_update_users_table_department_to_department_code  0ms DONE
  2024_03_19_000006_create_role_menu_actions_table .................. 3ms DONE
  2024_03_19_000007_create_share_transactions_table ................. 4ms DONE
  2024_03_19_000008_create_user_roles_table ......................... 2ms DONE
  2024_03_19_000009_create_job_postings_table ....................... 1ms DONE
  2024_03_19_000010_create_applicants_table ......................... 2ms DONE
  2024_03_19_000011_create_interviews_table ......................... 2ms DONE
  2024_03_19_000012_create_onboarding_table ......................... 3ms DONE
  2024_03_19_add_price_per_share_to_shares_table .................... 9ms DONE
  2024_03_19_add_share_product_id_to_shares_table ................... 2ms DONE
  2024_03_19_create_audit_logs_table ................................ 2ms DONE
  2024_03_19_create_dividends_table ................................. 2ms DONE
  2024_03_20_000001_create_approval_matrix_configs_table ............ 1ms DONE
  2024_03_20_000002_create_employee_roles_table ..................... 2ms DONE
  2024_03_20_000003_create_process_code_configs_table ............... 1ms DONE
  2024_03_20_000005_seed_approval_matrix ............................ 4ms DONE
  2024_03_20_000006_add_approver_fields_to_process_code_configs ..... 0ms DONE
  2024_03_20_000007_recreate_approvals_table_with_all_fields ........ 4ms DONE
  2024_03_20_add_member_id_to_shares_table .......................... 1ms DONE
  2024_03_21_000000_add_password_changed_at_to_users_table .......... 0ms DONE
  2024_03_21_000001_add_employee_details_columns .................... 0ms DONE
  2024_03_21_000001_create_dividends_table .......................... 1ms DONE
  2024_03_21_000002_create_reports_table ............................ 1ms DONE
  2024_03_21_000002_create_transactions_table ...................... 17ms DONE
  2024_03_21_000003_create_transaction_reversals_table .............. 5ms DONE
  2024_03_21_000004_create_notifications_table ...................... 2ms DONE
  2024_03_21_000005_create_issued_shares_table ...................... 2ms DONE
  2024_03_21_create_loan_product_charges_table ...................... 1ms DONE
  2024_03_22_create_dividends_table ................................. 1ms DONE
  2024_06_05_000001_add_constraints_to_role_permissions_table ....... 0ms DONE
  2024_06_05_000002_create_asset_receivables_table .................. 1ms DONE
  2024_06_05_000003_create_administrative_expenses_table ............ 1ms DONE
  2024_06_05_000004_create_cash_and_cash_equivalents_table .......... 1ms DONE
  2024_06_05_000005_create_contributions_table ...................... 1ms DONE
  2024_06_05_000006_create_depreciation_table ....................... 1ms DONE
  2024_06_05_000008_create_general_reserves_table ................... 1ms DONE
  2024_06_05_000009_create_gl_accounts_table ........................ 1ms DONE
  2024_06_05_000010_create_group_loans_table ........................ 1ms DONE
  2024_06_05_000011_create_income_account_receivable_table .......... 1ms DONE
  2024_06_05_000012_create_income_from_investments_table ............ 1ms DONE
  2024_06_05_000013_create_income_from_loans_table .................. 1ms DONE
  2024_06_05_000014_create_liability_suspense_accounts_table ........ 1ms DONE
  2024_06_05_000015_create_loan_portfolio_table ..................... 1ms DONE
  2024_06_05_000016_create_members_savings_and_deposits_table ....... 1ms DONE
  2024_06_05_000017_create_other_income_table ....................... 1ms DONE
  2024_06_05_000018_create_retained_earnings_table .................. 1ms DONE
  2024_06_05_000019_create_revaluation_reserve_table ................ 1ms DONE
  2024_06_05_000020_create_salaries_and_wages_table ................. 1ms DONE
  2024_06_05_000021_create_share_capital_table ...................... 1ms DONE
  2024_06_05_000022_create_statutory_reserves_table ................. 1ms DONE
  2024_06_05_000023_create_trade_and_other_payables_table .......... 16ms DONE
  2024_06_05_000025_create_approval_actions_table ................... 1ms DONE
  2024_06_05_000027_create_approvers_of_loans_stages_table .......... 1ms DONE
  2024_06_05_000028_create_asset_accounts_table ..................... 1ms DONE
  2024_06_05_000029_create_asset_url_table .......................... 1ms DONE
  2024_06_05_000030_create_assets_list_table ........................ 1ms DONE
  2024_06_05_000036_create_budget_accounts_table .................... 1ms DONE
  2024_06_05_000045_create_cheques_table ............................ 1ms DONE
  2024_07_04_000000_create_institution_files_table .................. 1ms DONE
  2024_07_04_100010_create_committee_members_table .................. 2ms DONE
  2024_07_04_100020_create_meetings_table ........................... 2ms DONE
  2024_07_04_100030_create_meeting_attendance_table ................. 2ms DONE
  2024_07_04_100040_create_meeting_documents_table .................. 2ms DONE
  2024_07_05_000000_add_stipend_to_meeting_attendance ............... 1ms DONE
  2024_08_01_124138_create_pay_rolls_table .......................... 1ms DONE
  2024_08_23_145934_create_regions_table ............................ 1ms DONE
  2024_08_23_145935_create_districts_table .......................... 1ms DONE
  2024_08_23_145936_create_wards_table .............................. 1ms DONE
  2024_12_19_000000_add_lookup_fields_to_transactions_table ........ 37ms DONE
  2024_12_19_000001_create_loan_approvals_table ..................... 2ms DONE
  2024_12_19_000002_create_loan_collateral_table .................... 2ms DONE
  2024_12_19_000003_create_loan_audit_logs_table .................... 2ms DONE
  2024_12_19_000004_improve_loans_table_structure ................... 2ms DONE
  2024_12_19_000005_create_mandatory_savings_tracking_table ......... 5ms DONE
  2024_12_20_create_sub_role_permissions_table ...................... 2ms DONE
  2025_01_15_000000_add_disbursement_method_to_loans_table .......... 1ms DONE
  2025_01_15_000000_add_new_menu_items ............................. 19ms DONE
  2025_01_15_120000_add_portal_access_fields_to_clients_table ....... 1ms DONE
  2025_01_16_120000_create_vaults_table ............................. 3ms DONE
  2025_01_16_120001_create_bank_transfers_table ..................... 4ms DONE
  2025_01_16_120002_add_vault_id_to_strongroom_ledgers_table ........ 3ms DONE
  2025_01_16_120003_add_vault_id_to_cash_movements_table ............ 3ms DONE
  2025_01_27_120000_add_depreciation_accounts_to_institutions_table . 5ms DONE
  2025_03_19_000003_create_share_registers_table .................... 2ms DONE
  2025_03_21_add_indexes_to_shares_tables ........................... 7ms DONE
  2025_05_09_130355_add_hierarchy_columns_to_departments ............ 3ms DONE
  2025_05_09_130356_add_hierarchy_columns_to_roles .................. 5ms DONE
  2025_05_09_130357_add_hierarchy_columns_to_committees ............. 4ms DONE
  2025_05_09_130548_create_services_table ........................... 2ms DONE
  2025_05_09_130643_create_billing_cycles_table ..................... 1ms DONE
  2025_05_09_130851_create_payments_table ........................... 3ms DONE
  2025_05_09_130942_create_payment_notifications_table .............. 2ms DONE
  2025_05_20_154826_add_otp_fields_to_users_table ................... 1ms DONE
  2025_05_21_124200_create_user_sub_roles_table ..................... 2ms DONE
  2025_05_24_092949_create_client_documents_table ................... 2ms DONE
  2025_05_24_095500_create_guarantors_table ......................... 2ms DONE
  2025_05_24_123115_add_payment_mode_to_services_table .............. 0ms DONE
  2025_05_24_132712_add_is_recurring_to_services_table .............. 0ms DONE
  2025_06_03_023609_add_institution_id_to_accounts_table ............ 1ms DONE
  2025_06_03_040000_recreate_approvals_table_with_nullable_institution  4ms DONE
  2025_06_05_162236_add_level_to_roles_table ........................ 2ms DONE
  2025_06_05_170000_add_missing_columns_to_institutions_table ...... 51ms DONE
  2025_06_05_180001_recreate_status_columns_in_institutions_table ... 4ms DONE
  2025_06_05_180002_force_recreate_status_columns_in_institutions_table  1ms DONE
  2025_06_05_180003_raw_recreate_status_columns_in_institutions_table  1ms DONE
  2025_06_08_create_bills_table ..................................... 3ms DONE
  2025_06_09_044913_add_checker_level_to_approvals_table ............ 2ms DONE
  2025_06_09_100000_add_payment_link_fields_to_bills_table .......... 0ms DONE
  2025_06_10_032947_update_notifications_table_for_shares .......... 11ms DONE
  2025_06_10_035601_modify_shares_status_column_to_string ........... 2ms DONE
  2025_06_11_045218_add_summary_to_shares_table ..................... 2ms DONE
  2025_06_11_060000_drop_dependent_tables_before_recreate_shares .... 5ms DONE
  2025_06_11_064032_fix_approvals_table ............................ 33ms DONE
  2025_06_11_160000_create_share_withdrawals_table .................. 1ms DONE
  2025_06_16_000000_create_share_transfers_table .................... 4ms DONE
  2025_06_17_075658_add_branch_id_to_departments_table .............. 0ms DONE
  2025_06_24_213522_add_missing_fields_to_loan_images_table ......... 0ms DONE
  2025_06_27_000000_add_assessment_columns_to_loans_table ........... 1ms DONE
  2025_06_28_122407_create_loan_process_progress_table .............. 2ms DONE
  2025_06_28_131841_create_loan_guarantors_table .................... 3ms DONE
  2025_06_28_131927_create_loan_collaterals_table .................. 22ms DONE
  2025_06_28_142212_create_locked_amounts_table ..................... 4ms DONE
  2025_06_28_153000_update_locked_amounts_status_enum ............... 1ms DONE
  2025_06_30_153053_add_loan_calculation_fields_to_loans_table ...... 7ms DONE
  2025_06_30_154242_add_missing_loan_fields_to_loans_table .......... 8ms DONE
  2025_07_01_051027_create_notification_logs_table .................. 3ms DONE
  2025_07_02_015413_add_status_column_to_expenses_table ............. 2ms DONE
  2025_07_02_044749_create_analysis_sessions_table .................. 1ms DONE
  2025_07_02_044833_create_im_bank_transactions_table ............... 1ms DONE
  2025_07_02_045539_create_bank_transactions_table .................. 3ms DONE
  2025_07_02_075014_create_employee_requests_table .................. 2ms DONE
  2025_07_02_113018_create_scheduled_reports_table .................. 3ms DONE
  2025_07_02_130350_create_account_historical_balances_table ........ 5ms DONE
  2025_07_03_084230_update_ppes_table_depreciation_for_month_to_decimal  2ms DONE
  2025_07_03_084716_add_guard_name_to_permissions_table ............. 0ms DONE
  2025_07_03_090240_add_slug_to_permissions_table ................... 2ms DONE
  2025_07_03_090455_add_guard_name_to_roles_table ................... 0ms DONE
  2025_07_03_101953_update_ppes_table_numeric_precision ............. 2ms DONE
  2025_07_03_102031_update_ppes_table_numeric_precision ............. 0ms DONE
  2025_07_03_102500_enhance_ppes_table_for_proper_accounting ........ 1ms DONE
  2025_07_03_151816_add_disposal_fields_to_ppes_table ............... 1ms DONE
  2025_07_03_165747_create_historical_balances_table ................ 2ms DONE
  2025_07_04_130515_add_dashboard_type_to_departments_table ......... 0ms DONE
  2025_07_05_173454_add_issued_shares_to_sub_products_table ......... 0ms DONE
  2025_07_06_102444_add_user_id_to_ai_interactions_table ............ 1ms DONE
  2025_07_07_065547_create_internal_transfers_table ................. 3ms DONE
  2025_07_07_071715_create_tills_table .............................. 4ms DONE
  2025_07_07_074121_create_strongroom_ledgers_table ................. 4ms DONE
  2025_07_07_074411_create_tellers_table ........................... 10ms DONE
  2025_07_07_074638_create_cash_movements_table .................... 17ms DONE
  2025_07_07_074742_create_till_transactions_table .................. 4ms DONE
  2025_07_07_074913_create_till_reconciliations_table ............... 3ms DONE
  2025_07_07_102228_add_user_id_to_tellers_table ................... 12ms DONE
  2025_07_07_102725_add_missing_columns_to_tellers_table ............ 6ms DONE
  2025_07_07_123039_add_till_id_to_tellers_table .................... 6ms DONE
  2025_07_07_124336_change_employee_id_to_string_in_tellers_table ... 3ms DONE
  2025_07_07_132414_add_assigned_to_to_tills_table .................. 5ms DONE
  2025_07_07_205322_create_expenses_table ........................... 2ms DONE
  2025_07_09_142445_add_parent_account_to_vaults_table .............. 0ms DONE
  2025_07_09_152402_create_security_transport_logs_table ............ 5ms DONE
  2025_07_09_154942_add_account_type_to_bank_accounts_table ......... 1ms DONE
  2025_07_09_175025_create_cash_in_transit_providers_table .......... 2ms DONE
  2025_07_09_175658_add_cit_provider_id_to_branches_table ........... 1ms DONE
  2025_07_09_181428_add_main_accounts_to_institutions_table ......... 1ms DONE
  2025_07_09_185046_add_till_account_number_to_tills_table .......... 1ms DONE
  2025_07_09_195204_add_missing_fields_to_branches_table ............ 0ms DONE
  2025_07_09_202004_add_cash_management_permissions ................. 1ms DONE
  2025_07_09_203502_create_cash_management_and_billing_menus ....... 11ms DONE
  2025_07_09_223129_fix_cash_movements_type_enum .................... 1ms DONE
  2025_07_10_074008_remove_institution_id_columns_from_all_tables .. 70ms DONE
  2025_07_10_095734_add_till_management_columns_to_tills_table ..... 13ms DONE
  2025_07_11_065444_create_complaint_categories_table ............... 2ms DONE
  2025_07_11_065554_create_complaint_statuses_table ................. 1ms DONE
  2025_07_11_065609_create_complaints_table ......................... 4ms DONE
  2025_07_17_132245_create_web_portal_users_table ................... 6ms DONE
  2025_07_22_061255_add_expense_account_id_to_budget_managements_table  1ms DONE
  2025_07_22_080255_add_budget_tracking_to_expenses_table ........... 1ms DONE
  2025_07_27_085653_add_consolidated_fields_to_clients_table ....... 11ms DONE
  2025_07_27_090000_update_menus_table_structure .................... 0ms DONE
  2025_07_27_090100_update_menu_actions_table_structure ............. 5ms DONE

   INFO  Seeding database.  

  Database\Seeders\InstitutionsSeeder ................................ RUNNING  
  Database\Seeders\InstitutionsSeeder .......................... 31.96 ms DONE  

  Database\Seeders\BranchesSeeder .................................... RUNNING  
  Database\Seeders\BranchesSeeder .............................. 13.72 ms DONE  

  Database\Seeders\DepartmentsSeeder ................................. RUNNING  
  Database\Seeders\DepartmentsSeeder ........................... 14.15 ms DONE  

  Database\Seeders\RolesSeeder ....................................... RUNNING  
  Database\Seeders\RolesSeeder .................................. 4.80 ms DONE  

  Database\Seeders\PermissionsSeeder ................................. RUNNING  
  Database\Seeders\PermissionsSeeder ............................ 3.11 ms DONE  

  Database\Seeders\UsersSeeder ....................................... RUNNING  
  Database\Seeders\UsersSeeder ................................. 32.38 ms DONE  

  Database\Seeders\ConsolidatedMenuSeeder ............................ RUNNING  
  Database\Seeders\ConsolidatedMenuSeeder ....................... 2.68 ms DONE  

  Database\Seeders\RoleMenuActionsSeeder ............................. RUNNING  
  Database\Seeders\RoleMenuActionsSeeder ........................ 9.76 ms DONE  

  Database\Seeders\ClientsSeeder ..................................... RUNNING  
  Database\Seeders\ClientsSeeder ............................... 12.82 ms DONE  

  Database\Seeders\ServicesSeeder .................................... RUNNING  
  Database\Seeders\ServicesSeeder ............................... 4.54 ms DONE  

  Database\Seeders\SubProductsSeeder ................................. RUNNING  
  Database\Seeders\SubProductsSeeder ............................ 2.54 ms DONE  

  Database\Seeders\LoanSubProductsSeeder ............................. RUNNING  
  Database\Seeders\LoanSubProductsSeeder ........................ 1.27 ms DONE  

  Database\Seeders\AccountsSeeder .................................... RUNNING  
  Database\Seeders\AccountsSeeder .............................. 76.15 ms DONE  

  Database\Seeders\GLaccountsSeeder .................................. RUNNING  
  Database\Seeders\GLaccountsSeeder ............................. 1.80 ms DONE  

  Database\Seeders\BanksSeeder ....................................... RUNNING  
  Database\Seeders\BanksSeeder .................................. 1.55 ms DONE  

  Database\Seeders\ChargesSeeder ..................................... RUNNING  
  Database\Seeders\ChargesSeeder ................................ 1.56 ms DONE  

  Database\Seeders\CollateralTypesSeeder ............................. RUNNING  
  Database\Seeders\CollateralTypesSeeder ........................ 1.90 ms DONE  

  Database\Seeders\ComplaintCategoriesSeeder ......................... RUNNING  
  Database\Seeders\ComplaintCategoriesSeeder .................... 3.43 ms DONE  

  Database\Seeders\ComplaintStatusesSeeder ........................... RUNNING  
  Database\Seeders\ComplaintStatusesSeeder ...................... 7.00 ms DONE  

  Database\Seeders\CurrenciesSeeder .................................. RUNNING  
  Database\Seeders\CurrenciesSeeder ............................. 0.97 ms DONE  

  Database\Seeders\DistrictsSeeder ................................... RUNNING  
  Database\Seeders\DistrictsSeeder .............................. 1.91 ms DONE  

  Database\Seeders\DocumenttypesSeeder ............................... RUNNING  
  Database\Seeders\DocumenttypesSeeder .......................... 1.98 ms DONE  

  Database\Seeders\MobileNetworksSeeder .............................. RUNNING  
  Database\Seeders\MobileNetworksSeeder ......................... 1.76 ms DONE  

  Database\Seeders\PaymentmethodsSeeder .............................. RUNNING  
  Database\Seeders\PaymentmethodsSeeder ......................... 0.77 ms DONE  

  Database\Seeders\ProcessCodeConfigsSeeder .......................... RUNNING  
  Database\Seeders\ProcessCodeConfigsSeeder ..................... 8.88 ms DONE  

  Database\Seeders\RegionsSeeder ..................................... RUNNING  
  Database\Seeders\RegionsSeeder ................................ 4.74 ms DONE  

  Database\Seeders\WardsSeeder ....................................... RUNNING  
  Database\Seeders\WardsSeeder .................................. 1.06 ms DONE  

