[03-Sep-2025 14:07:46 UTC] PHP Fatal error:  Cannot declare class CreatePaymentTransactionsTable, because the name is already in use in /var/www/html/template/database/migrations/2025_09_03_create_payment_transactions_table.php on line 7
[04-Sep-2025 02:52:52 UTC] PHP Parse error:  syntax error, unexpected token "catch", expecting ")" in /var/www/html/template/app/Services/NbcBillsPaymentService.php on line 153
[04-Sep-2025 02:53:28 UTC] PHP Parse error:  syntax error, unexpected token "catch", expecting ")" in /var/www/html/template/app/Services/NbcBillsPaymentService.php on line 153
[04-Sep-2025 03:39:47 UTC] PHP Fatal error:  Cannot declare class CreatePaymentTransactionsTable, because the name is already in use in /var/www/html/template/database/migrations/2025_09_03_create_payment_transactions_table.php on line 7
[04-Sep-2025 03:41:30 UTC] PHP Fatal error:  Cannot declare class CreatePaymentTransactionsTable, because the name is already in use in /var/www/html/template/database/migrations/2025_09_03_create_payment_transactions_table.php on line 7
[04-Sep-2025 04:21:50 UTC] PHP Fatal error:  Uncaught PDOException: SQLSTATE[08006] [7] could not connect to server: Connection refused
	Is the server running on host "localhost" (127.0.0.1) and accepting
	TCP/IP connections on port 5432?
could not create socket: Address family not supported by protocol in Command line code:2
Stack trace:
#0 Command line code(2): PDO->__construct()
#1 {main}
  thrown in Command line code on line 2
[04-Sep-2025 06:26:03 UTC] PHP Parse error:  syntax error, unexpected token "??", expecting "->" or "?->" or "{" or "[" in /var/www/html/template/app/Services/NbcPayments/LukuService.php on line 187
[04-Sep-2025 06:26:26 UTC] PHP Parse error:  syntax error, unexpected token "??", expecting "->" or "?->" or "{" or "[" in /var/www/html/template/app/Services/NbcPayments/LukuService.php on line 187
[04-Sep-2025 06:26:50 UTC] PHP Parse error:  syntax error, unexpected token "??", expecting "->" or "?->" or "{" or "[" in /var/www/html/template/app/Services/NbcPayments/LukuService.php on line 187
[09-Sep-2025 13:53:44 UTC] PHP Fatal error:  Uncaught PDOException: SQLSTATE[08006] [7] could not connect to server: Connection refused
	Is the server running on host "localhost" (127.0.0.1) and accepting
	TCP/IP connections on port 5432?
could not create socket: Address family not supported by protocol in Command line code:2
Stack trace:
#0 Command line code(2): PDO->__construct()
#1 {main}
  thrown in Command line code on line 2
[19-Sep-2025 10:51:33 UTC] PHP Fatal error:  Uncaught Error: Class "Illuminate\Foundation\Application" not found in /var/www/html/template/bootstrap/app.php:14
Stack trace:
#0 /var/www/html/template/test_statement_service.php(17): require_once()
#1 {main}
  thrown in /var/www/html/template/bootstrap/app.php on line 14
