
   INFO  Seeding database.  

  Database\Seeders\InstitutionsSeeder ................................ RUNNING  
  Database\Seeders\InstitutionsSeeder .......................... 56.10 ms DONE  

  Database\Seeders\BranchesSeeder .................................... RUNNING  
  Database\Seeders\BranchesSeeder .............................. 16.82 ms DONE  

  Database\Seeders\DepartmentsSeeder ................................. RUNNING  
  Database\Seeders\DepartmentsSeeder ........................... 19.79 ms DONE  

  Database\Seeders\RolesSeeder ....................................... RUNNING  
  Database\Seeders\RolesSeeder .................................. 6.55 ms DONE  

  Database\Seeders\PermissionsSeeder ................................. RUNNING  
  Database\Seeders\PermissionsSeeder ............................ 4.87 ms DONE  

  Database\Seeders\UsersSeeder ....................................... RUNNING  
  Database\Seeders\UsersSeeder ................................. 40.86 ms DONE  

  Database\Seeders\ConsolidatedMenuSeeder ............................ RUNNING  

   Illuminate\Database\QueryException 

  SQLSTATE[42704]: Undefined object: 7 ERROR:  unrecognized configuration parameter "foreign_key_checks" (SQL: SET FOREIGN_KEY_CHECKS=0;)

  at vendor/laravel/framework/src/Illuminate/Database/Connection.php:760
    756▕         // If an exception occurs when attempting to run a query, we'll format the error
    757▕         // message to include the bindings with SQL, which will make this exception a
    758▕         // lot more helpful to the developer instead of just the database's errors.
    759▕         catch (Exception $e) {
  ➜ 760▕             throw new QueryException(
    761▕                 $query, $this->prepareBindings($bindings), $e
    762▕             );
    763▕         }
    764▕     }

      [2m+7 vendor frames [22m
  8   database/seeders/ConsolidatedMenuSeeder.php:13
      Illuminate\Support\Facades\Facade::__callStatic("statement")

      [2m+8 vendor frames [22m
  17  database/seeders/DatabaseSeeder.php:14
      Illuminate\Database\Seeder::call("Database\Seeders\ConsolidatedMenuSeeder")
